This is pdfTeX, Version 3.141592653-2.6-1.40.24 (TeX Live 2022) (preloaded format=pdflatex 2023.1.1)  13 FEB 2023 22:18
entering extended mode
 restricted \write18 enabled.
 %&-line parsing enabled.
**acl2023.tex
(./acl2023.tex
LaTeX2e <2022-11-01> patch level 1
L3 programming layer <2022-12-17> (/home/ada/.TinyTeX/texmf-dist/tex/latex/base/article.cls
Document Class: article 2022/07/02 v1.4n Standard LaTeX document class
(/home/ada/.TinyTeX/texmf-dist/tex/latex/base/size11.clo
File: size11.clo 2022/07/02 v1.4n Standard LaTeX file (size option)
)
\c@part=\count185
\c@section=\count186
\c@subsection=\count187
\c@subsubsection=\count188
\c@paragraph=\count189
\c@subparagraph=\count190
\c@figure=\count191
\c@table=\count192
\abovecaptionskip=\skip48
\belowcaptionskip=\skip49
\bibindent=\dimen140
) (./acl2023.sty
Conference Style for ACL 2023
(/home/ada/.TinyTeX/texmf-dist/tex/latex/xcolor/xcolor.sty
Package: xcolor 2022/06/12 v2.14 LaTeX color extensions (UK)
 (/home/ada/.TinyTeX/texmf-dist/tex/latex/graphics-cfg/color.cfg
File: color.cfg 2016/01/02 v1.6 sample color configuration
)
Package xcolor Info: Driver file: pdftex.def on input line 227.
 (/home/ada/.TinyTeX/texmf-dist/tex/latex/graphics-def/pdftex.def
File: pdftex.def 2022/09/22 v1.2b Graphics/color driver for pdftex
) (/home/ada/.TinyTeX/texmf-dist/tex/latex/graphics/mathcolor.ltx)
Package xcolor Info: Model `cmy' substituted by `cmy0' on input line 1353.
Package xcolor Info: Model `hsb' substituted by `rgb' on input line 1357.
Package xcolor Info: Model `RGB' extended on input line 1369.
Package xcolor Info: Model `HTML' substituted by `rgb' on input line 1371.
Package xcolor Info: Model `Hsb' substituted by `hsb' on input line 1372.
Package xcolor Info: Model `tHsb' substituted by `hsb' on input line 1373.
Package xcolor Info: Model `HSB' substituted by `hsb' on input line 1374.
Package xcolor Info: Model `Gray' substituted by `gray' on input line 1375.
Package xcolor Info: Model `wave' substituted by `hsb' on input line 1376.
) (/home/ada/.TinyTeX/texmf-dist/tex/latex/hyperref/hyperref.sty
Package: hyperref 2022-11-13 v7.00u Hypertext links for LaTeX
 (/home/ada/.TinyTeX/texmf-dist/tex/generic/ltxcmds/ltxcmds.sty
Package: ltxcmds 2020-05-10 v1.25 LaTeX kernel commands for general use (HO)
) (/home/ada/.TinyTeX/texmf-dist/tex/generic/iftex/iftex.sty
Package: iftex 2022/02/03 v1.0f TeX engine tests
) (/home/ada/.TinyTeX/texmf-dist/tex/generic/pdftexcmds/pdftexcmds.sty
Package: pdftexcmds 2020-06-27 v0.33 Utility functions of pdfTeX for LuaTeX (HO)
 (/home/ada/.TinyTeX/texmf-dist/tex/generic/infwarerr/infwarerr.sty
Package: infwarerr 2019/12/03 v1.5 Providing info/warning/error messages (HO)
)
Package pdftexcmds Info: \pdf@primitive is available.
Package pdftexcmds Info: \pdf@ifprimitive is available.
Package pdftexcmds Info: \pdfdraftmode found.
) (/home/ada/.TinyTeX/texmf-dist/tex/latex/graphics/keyval.sty
Package: keyval 2022/05/29 v1.15 key=value parser (DPC)
\KV@toks@=\toks16
) (/home/ada/.TinyTeX/texmf-dist/tex/latex/kvsetkeys/kvsetkeys.sty
Package: kvsetkeys 2022-10-05 v1.19 Key value parser (HO)
) (/home/ada/.TinyTeX/texmf-dist/tex/generic/kvdefinekeys/kvdefinekeys.sty
Package: kvdefinekeys 2019-12-19 v1.6 Define keys (HO)
) (/home/ada/.TinyTeX/texmf-dist/tex/generic/pdfescape/pdfescape.sty
Package: pdfescape 2019/12/09 v1.15 Implements pdfTeX's escape features (HO)
) (/home/ada/.TinyTeX/texmf-dist/tex/latex/hycolor/hycolor.sty
Package: hycolor 2020-01-27 v1.10 Color options for hyperref/bookmark (HO)
) (/home/ada/.TinyTeX/texmf-dist/tex/latex/letltxmacro/letltxmacro.sty
Package: letltxmacro 2019/12/03 v1.6 Let assignment for LaTeX macros (HO)
) (/home/ada/.TinyTeX/texmf-dist/tex/latex/auxhook/auxhook.sty
Package: auxhook 2019-12-17 v1.6 Hooks for auxiliary files (HO)
) (/home/ada/.TinyTeX/texmf-dist/tex/latex/hyperref/nameref.sty
Package: nameref 2022-05-17 v2.50 Cross-referencing by name of section
 (/home/ada/.TinyTeX/texmf-dist/tex/latex/refcount/refcount.sty
Package: refcount 2019/12/15 v3.6 Data extraction from label references (HO)
) (/home/ada/.TinyTeX/texmf-dist/tex/generic/gettitlestring/gettitlestring.sty
Package: gettitlestring 2019/12/15 v1.6 Cleanup title references (HO)
 (/home/ada/.TinyTeX/texmf-dist/tex/latex/kvoptions/kvoptions.sty
Package: kvoptions 2022-06-15 v3.15 Key value format for package options (HO)
))
\c@section@level=\count193
)
\@linkdim=\dimen141
\Hy@linkcounter=\count194
\Hy@pagecounter=\count195
 (/home/ada/.TinyTeX/texmf-dist/tex/latex/hyperref/pd1enc.def
File: pd1enc.def 2022-11-13 v7.00u Hyperref: PDFDocEncoding definition (HO)
Now handling font encoding PD1 ...
... no UTF-8 mapping file for font encoding PD1
) (/home/ada/.TinyTeX/texmf-dist/tex/generic/intcalc/intcalc.sty
Package: intcalc 2019/12/15 v1.3 Expandable calculations with integers (HO)
) (/home/ada/.TinyTeX/texmf-dist/tex/generic/etexcmds/etexcmds.sty
Package: etexcmds 2019/12/15 v1.7 Avoid name clashes with e-TeX commands (HO)
)
\Hy@SavedSpaceFactor=\count196
 (/home/ada/.TinyTeX/texmf-dist/tex/latex/hyperref/puenc.def
File: puenc.def 2022-11-13 v7.00u Hyperref: PDF Unicode definition (HO)
Now handling font encoding PU ...
... no UTF-8 mapping file for font encoding PU
)
Package hyperref Info: Option `breaklinks' set `true' on input line 4045.
Package hyperref Info: Hyper figures OFF on input line 4162.
Package hyperref Info: Link nesting OFF on input line 4167.
Package hyperref Info: Hyper index ON on input line 4170.
Package hyperref Info: Plain pages OFF on input line 4177.
Package hyperref Info: Backreferencing OFF on input line 4182.
Package hyperref Info: Implicit mode ON; LaTeX internals redefined.
Package hyperref Info: Bookmarks ON on input line 4410.
\c@Hy@tempcnt=\count197
 (/home/ada/.TinyTeX/texmf-dist/tex/latex/url/url.sty
\Urlmuskip=\muskip16
Package: url 2013/09/16  ver 3.4  Verb mode for urls, etc.
)
LaTeX Info: Redefining \url on input line 4748.
\XeTeXLinkMargin=\dimen142
 (/home/ada/.TinyTeX/texmf-dist/tex/generic/bitset/bitset.sty
Package: bitset 2019/12/09 v1.3 Handle bit-vector datatype (HO)
 (/home/ada/.TinyTeX/texmf-dist/tex/generic/bigintcalc/bigintcalc.sty
Package: bigintcalc 2019/12/15 v1.5 Expandable calculations on big integers (HO)
))
\Fld@menulength=\count198
\Field@Width=\dimen143
\Fld@charsize=\dimen144
Package hyperref Info: Hyper figures OFF on input line 6027.
Package hyperref Info: Link nesting OFF on input line 6032.
Package hyperref Info: Hyper index ON on input line 6035.
Package hyperref Info: backreferencing OFF on input line 6042.
Package hyperref Info: Link coloring OFF on input line 6047.
Package hyperref Info: Link coloring with OCG OFF on input line 6052.
Package hyperref Info: PDF/A mode OFF on input line 6057.
 (/home/ada/.TinyTeX/texmf-dist/tex/latex/base/atbegshi-ltx.sty
Package: atbegshi-ltx 2021/01/10 v1.0c Emulation of the original atbegshi
package with kernel methods
)
\Hy@abspage=\count199
\c@Item=\count266
\c@Hfootnote=\count267
)
Package hyperref Info: Driver (autodetected): hpdftex.
 (/home/ada/.TinyTeX/texmf-dist/tex/latex/hyperref/hpdftex.def
File: hpdftex.def 2022-11-13 v7.00u Hyperref driver for pdfTeX
 (/home/ada/.TinyTeX/texmf-dist/tex/latex/base/atveryend-ltx.sty
Package: atveryend-ltx 2020/08/19 v1.0a Emulation of the original atveryend package
with kernel methods
)
\Fld@listcount=\count268
\c@bookmark@seq@number=\count269
 (/home/ada/.TinyTeX/texmf-dist/tex/latex/rerunfilecheck/rerunfilecheck.sty
Package: rerunfilecheck 2022-07-10 v1.10 Rerun checks for auxiliary files (HO)
 (/home/ada/.TinyTeX/texmf-dist/tex/generic/uniquecounter/uniquecounter.sty
Package: uniquecounter 2019/12/15 v1.4 Provide unlimited unique counter (HO)
)
Package uniquecounter Info: New unique counter `rerunfilecheck' on input line 285.
)
\Hy@SectionHShift=\skip50
)
Package hyperref Info: Option `colorlinks' set `true' on input line 36.
 (./lineno.sty
Package: lineno 2005/11/02 line numbers on paragraphs v4.41
\linenopenalty=\count270
\output=\toks17
\linenoprevgraf=\count271
\linenumbersep=\dimen145
\linenumberwidth=\dimen146
\c@linenumber=\count272
\c@pagewiselinenumber=\count273
\c@LN@truepage=\count274
\c@internallinenumber=\count275
\c@internallinenumbers=\count276
\quotelinenumbersep=\dimen147
\bframerule=\dimen148
\bframesep=\dimen149
\bframebox=\box51
LaTeX Info: Redefining \\ on input line 3056.
)
\cv@tmpc@=\count277
\cv@tmpc=\count278
 (/home/ada/.TinyTeX/texmf-dist/tex/latex/etoolbox/etoolbox.sty
Package: etoolbox 2020/10/05 v2.5k e-TeX tools for LaTeX (JAW)
\etb@tempcnta=\count279
) (/home/ada/.TinyTeX/texmf-dist/tex/latex/geometry/geometry.sty
Package: geometry 2020/01/02 v5.9 Page Geometry
 (/home/ada/.TinyTeX/texmf-dist/tex/generic/iftex/ifvtex.sty
Package: ifvtex 2019/10/25 v1.7 ifvtex legacy package. Use iftex instead.
)
\Gm@cnth=\count280
\Gm@cntv=\count281
\c@Gm@tempcnt=\count282
\Gm@bindingoffset=\dimen150
\Gm@wd@mp=\dimen151
\Gm@odd@mp=\dimen152
\Gm@even@mp=\dimen153
\Gm@layoutwidth=\dimen154
\Gm@layoutheight=\dimen155
\Gm@layouthoffset=\dimen156
\Gm@layoutvoffset=\dimen157
\Gm@dimlist=\toks18
)
\titlebox=\skip51
 (/home/ada/.TinyTeX/texmf-dist/tex/latex/caption/caption.sty
Package: caption 2022/03/01 v3.6b Customizing captions (AR)
 (/home/ada/.TinyTeX/texmf-dist/tex/latex/caption/caption3.sty
Package: caption3 2022/03/17 v2.3b caption3 kernel (AR)
\caption@tempdima=\dimen158
\captionmargin=\dimen159
\caption@leftmargin=\dimen160
\caption@rightmargin=\dimen161
\caption@width=\dimen162
\caption@indent=\dimen163
\caption@parindent=\dimen164
\caption@hangindent=\dimen165
Package caption Info: Standard document class detected.
)
\c@caption@flags=\count283
\c@continuedfloat=\count284
Package caption Info: hyperref package is loaded.
) (/home/ada/.TinyTeX/texmf-dist/tex/latex/natbib/natbib.sty
Package: natbib 2010/09/13 8.31b (PWD, AO)
\bibhang=\skip52
\bibsep=\skip53
LaTeX Info: Redefining \cite on input line 694.
\c@NAT@ctr=\count285
)) (/home/ada/.TinyTeX/texmf-dist/tex/latex/psnfss/times.sty
Package: times 2020/03/25 PSNFSS-v9.3 (SPQR) 
) (/home/ada/.TinyTeX/texmf-dist/tex/latex/base/latexsym.sty
Package: latexsym 1998/08/17 v2.2e Standard LaTeX package (lasy symbols)
\symlasy=\mathgroup4
LaTeX Font Info:    Overwriting symbol font `lasy' in version `bold'
(Font)                  U/lasy/m/n --> U/lasy/b/n on input line 52.
) (/home/ada/.TinyTeX/texmf-dist/tex/latex/base/fontenc.sty
Package: fontenc 2021/04/29 v2.0v Standard LaTeX package
LaTeX Font Info:    Trying to load font information for T1+ptm on input line 112.
 (/home/ada/.TinyTeX/texmf-dist/tex/latex/psnfss/t1ptm.fd
File: t1ptm.fd 2001/06/04 font definitions for T1/ptm.
)) (/home/ada/.TinyTeX/texmf-dist/tex/latex/base/inputenc.sty
Package: inputenc 2021/02/14 v1.3d Input encoding file
\inpenc@prehook=\toks19
\inpenc@posthook=\toks20
) (./microtype.sty
Package: microtype 2021/12/10 v3.0b Micro-typographical refinements (RS)
\MT@toks=\toks21
\MT@count=\count286
\MT@tempbox=\box52
LaTeX Info: Redefining \leftprotrusion on input line 1010.
LaTeX Info: Redefining \rightprotrusion on input line 1018.
LaTeX Info: Redefining \textls on input line 1173.
\MT@outer@kern=\dimen166
LaTeX Info: Redefining \textmicrotypecontext on input line 1759.
\MT@listname@count=\count287
 (./microtype-pdftex.def
File: microtype-pdftex.def 2021/12/10 v3.0b Definitions specific to pdftex (RS)
LaTeX Info: Redefining \lsstyle on input line 897.
LaTeX Info: Redefining \lslig on input line 897.
\MT@outer@space=\skip54
)

Package microtype Warning: Could not find configuration file `microtype.cfg'!
(microtype)                This will almost certainly cause undesired results.
(microtype)                Please fix your installation.

) (/home/ada/.TinyTeX/texmf-dist/tex/latex/inconsolata/inconsolata.sty
Package: inconsolata 2019/05/17 v1.12
 `inconsolata-zi4' v1.12, 2019/05/17 Text macros for Inconsolata (msharpe) (/home/ada/.TinyTeX/texmf-dist/tex/latex/base/textcomp.sty
Package: textcomp 2020/02/02 v2.0n Standard LaTeX package
) (/home/ada/.TinyTeX/texmf-dist/tex/latex/xkeyval/xkeyval.sty
Package: xkeyval 2022/06/16 v2.9 package option processing (HA)
 (/home/ada/.TinyTeX/texmf-dist/tex/generic/xkeyval/xkeyval.tex (/home/ada/.TinyTeX/texmf-dist/tex/generic/xkeyval/xkvutils.tex
\XKV@toks=\toks22
\XKV@tempa@toks=\toks23
)
\XKV@depth=\count288
File: xkeyval.tex 2014/12/03 v2.7a key=value parser (HA)
))
\zifour@ocount=\count289
) (/home/ada/.TinyTeX/texmf-dist/tex/latex/l3backend/l3backend-pdftex.def
File: l3backend-pdftex.def 2022-10-26 L3 backend support: PDF output (pdfTeX)
\l__color_backend_stack_int=\count290
\l__pdf_internal_box=\box53
) (./acl2023.aux)
\openout1 = `acl2023.aux'.

LaTeX Font Info:    Checking defaults for OML/cmm/m/it on input line 69.
LaTeX Font Info:    ... okay on input line 69.
LaTeX Font Info:    Checking defaults for OMS/cmsy/m/n on input line 69.
LaTeX Font Info:    ... okay on input line 69.
LaTeX Font Info:    Checking defaults for OT1/cmr/m/n on input line 69.
LaTeX Font Info:    ... okay on input line 69.
LaTeX Font Info:    Checking defaults for T1/cmr/m/n on input line 69.
LaTeX Font Info:    ... okay on input line 69.
LaTeX Font Info:    Checking defaults for TS1/cmr/m/n on input line 69.
LaTeX Font Info:    ... okay on input line 69.
LaTeX Font Info:    Checking defaults for OMX/cmex/m/n on input line 69.
LaTeX Font Info:    ... okay on input line 69.
LaTeX Font Info:    Checking defaults for U/cmr/m/n on input line 69.
LaTeX Font Info:    ... okay on input line 69.
LaTeX Font Info:    Checking defaults for PD1/pdf/m/n on input line 69.
LaTeX Font Info:    ... okay on input line 69.
LaTeX Font Info:    Checking defaults for PU/pdf/m/n on input line 69.
LaTeX Font Info:    ... okay on input line 69.
Package hyperref Info: Link coloring ON on input line 69.
 (./acl2023.out) (./acl2023.out)
\@outlinefile=\write3
\openout3 = `acl2023.out'.


*geometry* driver: auto-detecting
*geometry* detected driver: pdftex
*geometry* verbose mode - [ preamble ] result:
* driver: pdftex
* paper: a4paper
* layout: <same size as paper>
* layoutoffset:(h,v)=(0.0pt,0.0pt)
* modes: 
* h-part:(L,W,R)=(71.13188pt, 455.24411pt, 71.13188pt)
* v-part:(T,H,B)=(71.13188pt, 702.78308pt, 71.13188pt)
* \paperwidth=597.50787pt
* \paperheight=845.04684pt
* \textwidth=455.24411pt
* \textheight=702.78308pt
* \oddsidemargin=-1.1381pt
* \evensidemargin=-1.1381pt
* \topmargin=-38.1381pt
* \headheight=12.0pt
* \headsep=25.0pt
* \topskip=11.0pt
* \footskip=30.0pt
* \marginparwidth=59.0pt
* \marginparsep=10.0pt
* \columnsep=17.07182pt
* \skip\footins=9.0pt plus 4.0pt minus 2.0pt
* \hoffset=0.0pt
* \voffset=0.0pt
* \mag=1000
* \@twocolumntrue
* \@twosidefalse
* \@mparswitchfalse
* \@reversemarginfalse
* (1in=72.27pt=25.4mm, 1cm=28.453pt)

Package caption Info: Begin \AtBeginDocument code.
Package caption Info: End \AtBeginDocument code.
LaTeX Info: Redefining \microtypecontext on input line 69.
Package microtype Info: Applying patch `item' on input line 69.
Package microtype Info: Applying patch `toc' on input line 69.
Package microtype Info: Applying patch `eqnum' on input line 69.
Package microtype Info: Applying patch `footnote' on input line 69.
Package microtype Info: Generating PDF output.
Package microtype Info: Character protrusion enabled (level 2).

Package microtype Warning: No protrusion set chosen, no default set declared. 
(microtype)                Using empty set.

Package microtype Info: Automatic font expansion enabled (level 2),
(microtype)             stretch: 20, shrink: 20, step: 1, non-selected.

Package microtype Warning: No expansion set chosen, no default set declared. 
(microtype)                Using empty set.

LaTeX Info: Redefining \showhyphens on input line 69.
Package microtype Info: No adjustment of tracking.
Package microtype Info: No adjustment of interword spacing.
Package microtype Info: No adjustment of character kerning.

Package microtype Warning: I cannot find a protrusion list for font
(microtype)                `T1/ptm/m/n/10.95'. Switching off
(microtype)                protrusion for this font on input line 69.

(./upquote.sty
Package: upquote 2012/04/19 v1.3 upright-quote and grave-accent glyphs in verbatim
)

Package microtype Warning: I cannot find a protrusion list for font
(microtype)                `T1/ptm/m/n/14.4'. Switching off
(microtype)                protrusion for this font on input line 70.


Package microtype Warning: I cannot find a protrusion list for font
(microtype)                `T1/ptm/b/n/14.4'. Switching off
(microtype)                protrusion for this font on input line 70.


Package microtype Warning: I cannot find a protrusion list for font
(microtype)                `T1/ptm/m/n/12'. Switching off
(microtype)                protrusion for this font on input line 70.


Package microtype Warning: I cannot find a protrusion list for font
(microtype)                `OT1/cmr/m/n/12'. Switching off
(microtype)                protrusion for this font on input line 70.


Package microtype Warning: I cannot find a protrusion list for font
(microtype)                `OT1/cmr/m/n/8'. Switching off
(microtype)                protrusion for this font on input line 70.


Package microtype Warning: I cannot find a protrusion list for font
(microtype)                `OT1/cmr/m/n/6'. Switching off
(microtype)                protrusion for this font on input line 70.


Package microtype Warning: I cannot find a protrusion list for font
(microtype)                `OML/cmm/m/it/12'. Switching off
(microtype)                protrusion for this font on input line 70.


Package microtype Warning: I cannot find a protrusion list for font
(microtype)                `OML/cmm/m/it/8'. Switching off
(microtype)                protrusion for this font on input line 70.


Package microtype Warning: I cannot find a protrusion list for font
(microtype)                `OML/cmm/m/it/6'. Switching off
(microtype)                protrusion for this font on input line 70.


Package microtype Warning: I cannot find a protrusion list for font
(microtype)                `OMS/cmsy/m/n/12'. Switching off
(microtype)                protrusion for this font on input line 70.


Package microtype Warning: I cannot find a protrusion list for font
(microtype)                `OMS/cmsy/m/n/8'. Switching off
(microtype)                protrusion for this font on input line 70.


Package microtype Warning: I cannot find a protrusion list for font
(microtype)                `OMS/cmsy/m/n/6'. Switching off
(microtype)                protrusion for this font on input line 70.

LaTeX Font Info:    External font `cmex10' loaded for size
(Font)              <12> on input line 70.

Package microtype Warning: I cannot find a protrusion list for font
(microtype)                `OMX/cmex/m/n/12'. Switching off
(microtype)                protrusion for this font on input line 70.

LaTeX Font Info:    External font `cmex10' loaded for size
(Font)              <8> on input line 70.

Package microtype Warning: I cannot find a protrusion list for font
(microtype)                `OMX/cmex/m/n/8'. Switching off
(microtype)                protrusion for this font on input line 70.

LaTeX Font Info:    External font `cmex10' loaded for size
(Font)              <6> on input line 70.

Package microtype Warning: I cannot find a protrusion list for font
(microtype)                `OMX/cmex/m/n/6'. Switching off
(microtype)                protrusion for this font on input line 70.

LaTeX Font Info:    Trying to load font information for U+lasy on input line 70.
(/home/ada/.TinyTeX/texmf-dist/tex/latex/base/ulasy.fd
File: ulasy.fd 1998/08/17 v2.2e LaTeX symbol font definitions
)

Package microtype Warning: I cannot find a protrusion list for font
(microtype)                `U/lasy/m/n/12'. Switching off
(microtype)                protrusion for this font on input line 70.


Package microtype Warning: I cannot find a protrusion list for font
(microtype)                `U/lasy/m/n/8'. Switching off
(microtype)                protrusion for this font on input line 70.


Package microtype Warning: I cannot find a protrusion list for font
(microtype)                `U/lasy/m/n/6'. Switching off
(microtype)                protrusion for this font on input line 70.


Package microtype Warning: I cannot find a protrusion list for font
(microtype)                `T1/ptm/b/n/12'. Switching off
(microtype)                protrusion for this font on input line 70.


Package microtype Warning: I cannot find a protrusion list for font
(microtype)                `T1/ptm/m/n/10'. Switching off
(microtype)                protrusion for this font on input line 71.


Package microtype Warning: I cannot find a protrusion list for font
(microtype)                `OT1/cmr/m/n/10'. Switching off
(microtype)                protrusion for this font on input line 72.


Package microtype Warning: I cannot find a protrusion list for font
(microtype)                `OT1/cmr/m/n/7'. Switching off
(microtype)                protrusion for this font on input line 72.


Package microtype Warning: I cannot find a protrusion list for font
(microtype)                `OT1/cmr/m/n/5'. Switching off
(microtype)                protrusion for this font on input line 72.


Package microtype Warning: I cannot find a protrusion list for font
(microtype)                `OML/cmm/m/it/10'. Switching off
(microtype)                protrusion for this font on input line 72.


Package microtype Warning: I cannot find a protrusion list for font
(microtype)                `OML/cmm/m/it/7'. Switching off
(microtype)                protrusion for this font on input line 72.


Package microtype Warning: I cannot find a protrusion list for font
(microtype)                `OML/cmm/m/it/5'. Switching off
(microtype)                protrusion for this font on input line 72.


Package microtype Warning: I cannot find a protrusion list for font
(microtype)                `OMS/cmsy/m/n/10'. Switching off
(microtype)                protrusion for this font on input line 72.


Package microtype Warning: I cannot find a protrusion list for font
(microtype)                `OMS/cmsy/m/n/7'. Switching off
(microtype)                protrusion for this font on input line 72.


Package microtype Warning: I cannot find a protrusion list for font
(microtype)                `OMS/cmsy/m/n/5'. Switching off
(microtype)                protrusion for this font on input line 72.


Package microtype Warning: I cannot find a protrusion list for font
(microtype)                `OMX/cmex/m/n/10'. Switching off
(microtype)                protrusion for this font on input line 72.

LaTeX Font Info:    External font `cmex10' loaded for size
(Font)              <7> on input line 72.

Package microtype Warning: I cannot find a protrusion list for font
(microtype)                `OMX/cmex/m/n/7'. Switching off
(microtype)                protrusion for this font on input line 72.

LaTeX Font Info:    External font `cmex10' loaded for size
(Font)              <5> on input line 72.

Package microtype Warning: I cannot find a protrusion list for font
(microtype)                `OMX/cmex/m/n/5'. Switching off
(microtype)                protrusion for this font on input line 72.


Package microtype Warning: I cannot find a protrusion list for font
(microtype)                `U/lasy/m/n/10'. Switching off
(microtype)                protrusion for this font on input line 72.


Package microtype Warning: I cannot find a protrusion list for font
(microtype)                `U/lasy/m/n/7'. Switching off
(microtype)                protrusion for this font on input line 72.


Package microtype Warning: I cannot find a protrusion list for font
(microtype)                `U/lasy/m/n/5'. Switching off
(microtype)                protrusion for this font on input line 72.


Package microtype Warning: I cannot find a protrusion list for font
(microtype)                `T1/ptm/m/n/7'. Switching off
(microtype)                protrusion for this font on input line 72.


Package microtype Warning: I cannot find a protrusion list for font
(microtype)                `OT1/cmr/m/n/10.95'. Switching off
(microtype)                protrusion for this font on input line 79.


Package microtype Warning: I cannot find a protrusion list for font
(microtype)                `OML/cmm/m/it/10.95'. Switching off
(microtype)                protrusion for this font on input line 79.


Package microtype Warning: I cannot find a protrusion list for font
(microtype)                `OMS/cmsy/m/n/10.95'. Switching off
(microtype)                protrusion for this font on input line 79.

LaTeX Font Info:    External font `cmex10' loaded for size
(Font)              <10.95> on input line 79.

Package microtype Warning: I cannot find a protrusion list for font
(microtype)                `OMX/cmex/m/n/10.95'. Switching off
(microtype)                protrusion for this font on input line 79.


Package microtype Warning: I cannot find a protrusion list for font
(microtype)                `U/lasy/m/n/10.95'. Switching off
(microtype)                protrusion for this font on input line 79.


Package microtype Warning: I cannot find a protrusion list for font
(microtype)                `T1/ptm/m/n/8'. Switching off
(microtype)                protrusion for this font on input line 79.


Package microtype Warning: I cannot find a protrusion list for font
(microtype)                `T1/ptm/m/n/9'. Switching off
(microtype)                protrusion for this font on input line 79.


Package microtype Warning: I cannot find a protrusion list for font
(microtype)                `OT1/cmr/m/n/9'. Switching off
(microtype)                protrusion for this font on input line 79.


Package microtype Warning: I cannot find a protrusion list for font
(microtype)                `OML/cmm/m/it/9'. Switching off
(microtype)                protrusion for this font on input line 79.


Package microtype Warning: I cannot find a protrusion list for font
(microtype)                `OMS/cmsy/m/n/9'. Switching off
(microtype)                protrusion for this font on input line 79.

LaTeX Font Info:    External font `cmex10' loaded for size
(Font)              <9> on input line 79.

Package microtype Warning: I cannot find a protrusion list for font
(microtype)                `OMX/cmex/m/n/9'. Switching off
(microtype)                protrusion for this font on input line 79.


Package microtype Warning: I cannot find a protrusion list for font
(microtype)                `U/lasy/m/n/9'. Switching off
(microtype)                protrusion for this font on input line 79.


Package microtype Warning: I cannot find a protrusion list for font
(microtype)                `T1/ptm/m/n/6'. Switching off
(microtype)                protrusion for this font on input line 79.

LaTeX Font Info:    Trying to load font information for T1+zi4 on input line 79.
(/home/ada/.TinyTeX/texmf-dist/tex/latex/inconsolata/t1zi4.fd
File: t1zi4.fd 2018/01/14 T1/zi4 (Inconsolata)
)
LaTeX Font Info:    Font shape `T1/zi4/m/n' will be
(Font)              scaled to size 9.0pt on input line 79.


Package microtype Warning: I cannot find a protrusion list for font
(microtype)                `T1/zi4/m/n/9'. Switching off
(microtype)                protrusion for this font on input line 79.


Underfull \hbox (badness 10000) in paragraph at lines 79--79
[][][][][]$\T1/zi4/m/n/9 (+20) http : / / acl-[]org . github . io / ACLPUB / formatting .
 []


Underfull \hbox (badness 10000) in paragraph at lines 79--79
[][][][][]$\T1/zi4/m/n/9 (+20) https : / / 2023 . aclweb . org / calls / main _
 []

LaTeX Font Info:    Font shape `T1/zi4/m/n' will be
(Font)              scaled to size 10.95pt on input line 80.

Package microtype Warning: I cannot find a protrusion list for font
(microtype)                `T1/zi4/m/n/10.95'. Switching off
(microtype)                protrusion for this font on input line 80.


Package microtype Warning: I cannot find a protrusion list for font
(microtype)                `T1/ptm/b/n/10.95'. Switching off
(microtype)                protrusion for this font on input line 93.

Package textcomp Info: Symbol \textasciigrave not provided by
(textcomp)             font family zi4 in TS1 encoding.
(textcomp)             Default family used instead on input line 97.
LaTeX Font Info:    Trying to load font information for T1+cmtt on input line 97.
(/home/ada/.TinyTeX/texmf-dist/tex/latex/base/t1cmtt.fd
File: t1cmtt.fd 2022/07/10 v2.5l Standard LaTeX font definitions
)

Package microtype Warning: I cannot find a protrusion list for font
(microtype)                `T1/cmtt/m/n/10.95'. Switching off
(microtype)                protrusion for this font on input line 97.

LaTeX Font Info:    Trying to load font information for TS1+cmtt on input line 97.
(/home/ada/.TinyTeX/texmf-dist/tex/latex/base/ts1cmtt.fd
File: ts1cmtt.fd 2022/07/10 v2.5l Standard LaTeX font definitions
)

Package microtype Warning: I cannot find a protrusion list for font
(microtype)                `TS1/cmtt/m/n/10.95'. Switching off
(microtype)                protrusion for this font on input line 97.

LaTeX Font Info:    Trying to load font information for TS1+zi4 on input line 100.
(/home/ada/.TinyTeX/texmf-dist/tex/latex/inconsolata/ts1zi4.fd
File: ts1zi4.fd 2018/01/14 TS1/zi4 (Inconsolata)
)
LaTeX Font Info:    Font shape `TS1/zi4/m/n' will be
(Font)              scaled to size 10.95pt on input line 100.


Package microtype Warning: I cannot find a protrusion list for font
(microtype)                `TS1/zi4/m/n/10.95'. Switching off
(microtype)                protrusion for this font on input line 100.


Package microtype Warning: I cannot find a protrusion list for font
(microtype)                `T1/ptm/m/it/10'. Switching off
(microtype)                protrusion for this font on input line 116.

[1{/home/ada/.TinyTeX/texmf-var/fonts/map/pdftex/updmap/pdftex.map}



] [2]
Underfull \hbox (badness 10000) in paragraph at lines 248--248
[][][][][]$\T1/zi4/m/n/9 (+20) https : / / www . aclweb . org / portal / content /
 []


Package microtype Warning: I cannot find a protrusion list for font
(microtype)                `T1/ptm/m/it/10.95'. Switching off
(microtype)                protrusion for this font on input line 268.

(./acl2023.bbl
Underfull \vbox (badness 2237) has occurred while \output is active []

)

Package lineno Warning: Linenumber reference failed, 
(lineno)                rerun to get it right.

[3] (./acl2023.aux)
Package rerunfilecheck Info: File `acl2023.out' has not changed.
(rerunfilecheck)             Checksum: D41D8CD98F00B204E9800998ECF8427E;0.
 ) 
Here is how much of TeX's memory you used:
 13091 strings out of 478053
 207722 string characters out of 5840949
 1887793 words of memory out of 5000000
 32611 multiletter control sequences out of 15000+600000
 570639 words of font info for 315 fonts, out of 8000000 for 9000
 14 hyphenation exceptions out of 8191
 87i,10n,91p,1004b,547s stack positions out of 10000i,1000n,20000p,200000b,200000s
{/home/ada/.TinyTeX/texmf-dist/fonts/enc/dvips/base/8r.enc}{/home/ada/.TinyTeX/texmf-dist/fonts/enc/dvips/inconsolata/i4-ts1.enc} </home/ada/.TinyTeX/texmf-var/fonts/pk/ljfour/jknappen/ec/tctt1095.600pk>{/home/ada/.TinyTeX/texmf-dist/fonts/enc/dvips/inconsolata/i4-t1-0.enc}</home/ada/.TinyTeX/texmf-dist/fonts/type1/public/inconsolata/Inconsolata-zi4r.pfb></home/ada/.TinyTeX/texmf-dist/fonts/type1/public/amsfonts/cm/cmmi10.pfb></home/ada/.TinyTeX/texmf-dist/fonts/type1/public/amsfonts/cm/cmr7.pfb></home/ada/.TinyTeX/texmf-dist/fonts/type1/urw/helvetic/uhvb8a.pfb></home/ada/.TinyTeX/texmf-dist/fonts/type1/urw/times/utmb8a.pfb></home/ada/.TinyTeX/texmf-dist/fonts/type1/urw/times/utmr8a.pfb></home/ada/.TinyTeX/texmf-dist/fonts/type1/urw/times/utmri8a.pfb>
Output written on acl2023.pdf (3 pages, 113315 bytes).
PDF statistics:
 167 PDF objects out of 1000 (max. 8388607)
 144 compressed objects within 2 object streams
 34 named destinations out of 1000 (max. 500000)
 139265 words of extra memory for PDF output out of 154059 (max. 10000000)

